<?xml version="1.0" encoding="UTF-8"?>
<!-- Generated by org.testng.reporters.JUnitReportReporter -->
<testsuite skipped="0" hostname="DESKTOP-68MMSVA" name="Cucumber.s1$TestNGTestRunner" tests="2" failures="0" timestamp="12 Feb 2023 10:39:13 GMT" time="27.479" errors="0">
  <testcase name="runScenario" time="15.492" classname="Cucumber.s1$TestNGTestRunner"/>
  <testcase name="runScenario" time="11.987" classname="Cucumber.s1$TestNGTestRunner"/>
</testsuite> <!-- Cucumber.s1$TestNGTestRunner -->
