<?xml version="1.0" encoding="UTF-8"?>
<!-- Generated by org.testng.reporters.JUnitReportReporter -->
<testsuite skipped="0" hostname="DESKTOP-68MMSVA" name="joseph.Tests.submit1" tests="3" failures="0" timestamp="10 Feb 2023 09:25:03 GMT" time="29.122" errors="0">
  <testcase name="submitOrder" time="8.636" classname="joseph.Tests.submit1"/>
  <testcase name="OrederHistorytest" time="8.960" classname="joseph.Tests.submit1"/>
  <testcase name="submitOrder" time="11.526" classname="joseph.Tests.submit1"/>
</testsuite> <!-- joseph.Tests.submit1 -->
