<?xml version="1.0" encoding="UTF-8"?>
<!-- Generated by org.testng.reporters.JUnitReportReporter -->
<testsuite skipped="0" hostname="DESKTOP-68MMSVA" name="Cucumber.s1$TestNGTestRunner" tests="1" failures="0" timestamp="12 Feb 2023 10:57:43 GMT" time="31.803" errors="0">
  <testcase name="runScenario" time="31.803" classname="Cucumber.s1$TestNGTestRunner"/>
</testsuite> <!-- Cucumber.s1$TestNGTestRunner -->
